<?xml version="1.0" encoding="UTF-8"?>
<!-- Generated by org.testng.reporters.JUnitXMLReporter -->
<testsuite hostname="ubuntu2" ignored="0" name="HomePage" tests="47" failures="0" timestamp="22 May 2018 07:44:05 GMT" time="0.991" errors="0">
  <testcase name="@BeforeTest setUp" time="0.836" classname="Common.TestBase">
    <failure type="org.openqa.selenium.SessionNotCreatedException" message="Unable to find a matching set of capabilities
Build info: version: &amp;apos;3.6.0&amp;apos;, revision: &amp;apos;6fbf3ec767&amp;apos;, time: &amp;apos;2017-09-27T16:15:26.402Z&amp;apos;
System info: host: &amp;apos;ubuntu2&amp;apos;, ip: &amp;apos;127.0.1.1&amp;apos;, os.name: &amp;apos;Linux&amp;apos;, os.arch: &amp;apos;amd64&amp;apos;, os.version: &amp;apos;4.10.0-42-generic&amp;apos;, java.version: &amp;apos;1.8.0_151&amp;apos;
Driver info: driver.version: FirefoxDriver
remote stacktrace: stack backtrace:
   0:           0x4fa94d - backtrace::backtrace::trace::h45ace4059cd74233
   1:           0x4fae32 - backtrace::capture::Backtrace::new::hb5a725a088a2a2fc
   2:           0x439ef8 - geckodriver::marionette::MarionetteHandler::create_connection::h53f581202e4008b4
   3:           0x442839 - &amp;lt;geckodriver::marionette::MarionetteHandler as webdriver::server::WebDriverHandler&amp;lt;geckodriver::marionette::GeckoExtensionRoute&amp;gt;&amp;gt;::handle_command::hd89c5efbeb4c7cd5
   4:           0x434e94 - webdriver::server::start::{{closure}}::h5e71183f67357de6
   5:           0x408627 - std::panicking::try::do_call::h8c30e6af4c7f85af
   6:           0x5b77fa - panic_unwind::__rust_maybe_catch_panic
                        at /buildslave/rust-buildbot/slave/stable-dist-rustc-musl-linux/build/src/libpanic_unwind/lib.rs:98
   7:           0x416e57 - &amp;lt;F as alloc::boxed::FnBox&amp;lt;A&amp;gt;&amp;gt;::call_box::h3f273b2445d78deb
   8:           0x5b0014 - alloc::boxed::{{impl}}::call_once&amp;lt;(),()&amp;gt;
                        at /buildslave/rust-buildbot/slave/stable-dist-rustc-musl-linux/build/src/liballoc/boxed.rs:624
                         - std::sys_common::thread::start_thread
                        at /buildslave/rust-buildbot/slave/stable-dist-rustc-musl-linux/build/src/libstd/sys_common/thread.rs:21
                         - std::sys::imp::thread::{{impl}}::new::thread_start
                        at /buildslave/rust-buildbot/slave/stable-dist-rustc-musl-linux/build/src/libstd/sys/unix/thread.rs:84">
      <![CDATA[org.openqa.selenium.SessionNotCreatedException: Unable to find a matching set of capabilitiesBuild info: version: '3.6.0', revision: '6fbf3ec767', time: '2017-09-27T16:15:26.402Z'System info: host: 'ubuntu2', ip: '127.0.1.1', os.name: 'Linux', os.arch: 'amd64', os.version: '4.10.0-42-generic', java.version: '1.8.0_151'Driver info: driver.version: FirefoxDriverremote stacktrace: stack backtrace:   0:           0x4fa94d - backtrace::backtrace::trace::h45ace4059cd74233   1:           0x4fae32 - backtrace::capture::Backtrace::new::hb5a725a088a2a2fc   2:           0x439ef8 - geckodriver::marionette::MarionetteHandler::create_connection::h53f581202e4008b4   3:           0x442839 - <geckodriver::marionette::MarionetteHandler as webdriver::server::WebDriverHandler<geckodriver::marionette::GeckoExtensionRoute>>::handle_command::hd89c5efbeb4c7cd5   4:           0x434e94 - webdriver::server::start::{{closure}}::h5e71183f67357de6   5:           0x408627 - std::panicking::try::do_call::h8c30e6af4c7f85af   6:           0x5b77fa - panic_unwind::__rust_maybe_catch_panic                        at /buildslave/rust-buildbot/slave/stable-dist-rustc-musl-linux/build/src/libpanic_unwind/lib.rs:98   7:           0x416e57 - <F as alloc::boxed::FnBox<A>>::call_box::h3f273b2445d78deb   8:           0x5b0014 - alloc::boxed::{{impl}}::call_once<(),()>                        at /buildslave/rust-buildbot/slave/stable-dist-rustc-musl-linux/build/src/liballoc/boxed.rs:624                         - std::sys_common::thread::start_thread                        at /buildslave/rust-buildbot/slave/stable-dist-rustc-musl-linux/build/src/libstd/sys_common/thread.rs:21                         - std::sys::imp::thread::{{impl}}::new::thread_start                        at /buildslave/rust-buildbot/slave/stable-dist-rustc-musl-linux/build/src/libstd/sys/unix/thread.rs:84at org.openqa.selenium.remote.W3CHandshakeResponse.lambda$new$0(W3CHandshakeResponse.java:57)at org.openqa.selenium.remote.W3CHandshakeResponse.lambda$getResponseFunction$2(W3CHandshakeResponse.java:104)at org.openqa.selenium.remote.ProtocolHandshake.lambda$createSession$24(ProtocolHandshake.java:359)at java.util.stream.ReferencePipeline$3$1.accept(ReferencePipeline.java:193)at java.util.Spliterators$ArraySpliterator.tryAdvance(Spliterators.java:958)at java.util.stream.ReferencePipeline.forEachWithCancel(ReferencePipeline.java:126)at java.util.stream.AbstractPipeline.copyIntoWithCancel(AbstractPipeline.java:498)at java.util.stream.AbstractPipeline.copyInto(AbstractPipeline.java:485)at java.util.stream.AbstractPipeline.wrapAndCopyInto(AbstractPipeline.java:471)at java.util.stream.FindOps$FindOp.evaluateSequential(FindOps.java:152)at java.util.stream.AbstractPipeline.evaluate(AbstractPipeline.java:234)at java.util.stream.ReferencePipeline.findFirst(ReferencePipeline.java:464)at org.openqa.selenium.remote.ProtocolHandshake.createSession(ProtocolHandshake.java:362)at org.openqa.selenium.remote.ProtocolHandshake.createSession(ProtocolHandshake.java:136)at org.openqa.selenium.remote.HttpCommandExecutor.execute(HttpCommandExecutor.java:142)at org.openqa.selenium.remote.service.DriverCommandExecutor.execute(DriverCommandExecutor.java:83)at org.openqa.selenium.remote.RemoteWebDriver.execute(RemoteWebDriver.java:586)at org.openqa.selenium.remote.RemoteWebDriver.startSession(RemoteWebDriver.java:217)at org.openqa.selenium.remote.RemoteWebDriver.<init>(RemoteWebDriver.java:140)at org.openqa.selenium.firefox.FirefoxDriver.<init>(FirefoxDriver.java:120)at org.openqa.selenium.firefox.FirefoxDriver.<init>(FirefoxDriver.java:106)at Common.TestBase.setUp(TestBase.java:39)... Removed 28 stack frames]]>
    </failure>
  </testcase> <!-- @BeforeTest setUp -->
  <testcase name="@AfterClass tearDown" time="0.0" classname="Common.TestBase">
    <skipped/>
  </testcase> <!-- @AfterClass tearDown -->
  <testcase name="test_GettingAllSectionNames_WSDK001" time="0.0" classname="TestScripts.HomePage">
    <skipped/>
  </testcase> <!-- test_GettingAllSectionNames_WSDK001 -->
  <testcase name="test_FlipKartSale_WSDK002" time="0.0" classname="TestScripts.HomePage">
    <skipped/>
  </testcase> <!-- test_FlipKartSale_WSDK002 -->
  <testcase name="test_ytpvideo_WSDK003" time="0.0" classname="TestScripts.HomePage">
    <skipped/>
  </testcase> <!-- test_ytpvideo_WSDK003 -->
  <testcase name="test_WatchDemoUndertronX_WSDK004" time="0.0" classname="TestScripts.HomePage">
    <skipped/>
  </testcase> <!-- test_WatchDemoUndertronX_WSDK004 -->
  <testcase name="test_LearnMoreUndertcare_WSDK005" time="0.0" classname="TestScripts.HomePage">
    <skipped/>
  </testcase> <!-- test_LearnMoreUndertcare_WSDK005 -->
  <testcase name="test_slickDotsinHomePage_WSDK006" time="0.0" classname="TestScripts.HomePage">
    <skipped/>
  </testcase> <!-- test_slickDotsinHomePage_WSDK006 -->
  <testcase name="test_Header_WSDK007" time="0.0" classname="TestScripts.HomePage">
    <skipped/>
  </testcase> <!-- test_Header_WSDK007 -->
  <testcase name="test_Header_WSDK008" time="0.0" classname="TestScripts.HomePage">
    <skipped/>
  </testcase> <!-- test_Header_WSDK008 -->
  <testcase name="test_Header_WSDK009" time="0.0" classname="TestScripts.HomePage">
    <skipped/>
  </testcase> <!-- test_Header_WSDK009 -->
  <testcase name="test_Header_WSDK010" time="0.0" classname="TestScripts.HomePage">
    <skipped/>
  </testcase> <!-- test_Header_WSDK010 -->
  <testcase name="test_Header_WSDK011" time="0.0" classname="TestScripts.HomePage">
    <skipped/>
  </testcase> <!-- test_Header_WSDK011 -->
  <testcase name="test_Header_WSDK012" time="0.0" classname="TestScripts.HomePage">
    <skipped/>
  </testcase> <!-- test_Header_WSDK012 -->
  <testcase name="test_Header_WSDK013" time="0.0" classname="TestScripts.HomePage">
    <skipped/>
  </testcase> <!-- test_Header_WSDK013 -->
  <testcase name="test_Header_WSDK014" time="0.0" classname="TestScripts.HomePage">
    <skipped/>
  </testcase> <!-- test_Header_WSDK014 -->
  <testcase name="test_Header_WSDK015" time="0.0" classname="TestScripts.HomePage">
    <skipped/>
  </testcase> <!-- test_Header_WSDK015 -->
  <testcase name="test_Header_WSDK0016" time="0.0" classname="TestScripts.HomePage">
    <skipped/>
  </testcase> <!-- test_Header_WSDK0016 -->
  <testcase name="test_Footer_WSDK017" time="0.0" classname="TestScripts.HomePage">
    <skipped/>
  </testcase> <!-- test_Footer_WSDK017 -->
  <testcase name="test_Footer_WSDK018" time="0.0" classname="TestScripts.HomePage">
    <skipped/>
  </testcase> <!-- test_Footer_WSDK018 -->
  <testcase name="test_Footer_WSDK019" time="0.0" classname="TestScripts.HomePage">
    <skipped/>
  </testcase> <!-- test_Footer_WSDK019 -->
  <testcase name="test_Footer_WSDK020" time="0.0" classname="TestScripts.HomePage">
    <skipped/>
  </testcase> <!-- test_Footer_WSDK020 -->
  <testcase name="test_Footer_WSDK021" time="0.0" classname="TestScripts.HomePage">
    <skipped/>
  </testcase> <!-- test_Footer_WSDK021 -->
  <testcase name="test_Footer_WSDK022" time="0.0" classname="TestScripts.HomePage">
    <skipped/>
  </testcase> <!-- test_Footer_WSDK022 -->
  <testcase name="test_Footer_WSDK023" time="0.0" classname="TestScripts.HomePage">
    <skipped/>
  </testcase> <!-- test_Footer_WSDK023 -->
  <testcase name="test_Footer_WSDK024" time="0.0" classname="TestScripts.HomePage">
    <skipped/>
  </testcase> <!-- test_Footer_WSDK024 -->
  <testcase name="test_Footer_WSDK025" time="0.0" classname="TestScripts.HomePage">
    <skipped/>
  </testcase> <!-- test_Footer_WSDK025 -->
  <testcase name="test_Footer_WSDK026" time="0.0" classname="TestScripts.HomePage">
    <skipped/>
  </testcase> <!-- test_Footer_WSDK026 -->
  <testcase name="test_Footer_WSDK027" time="0.0" classname="TestScripts.HomePage">
    <skipped/>
  </testcase> <!-- test_Footer_WSDK027 -->
  <testcase name="test_Footer_WSDK028" time="0.0" classname="TestScripts.HomePage">
    <skipped/>
  </testcase> <!-- test_Footer_WSDK028 -->
  <testcase name="test_Footer_WSDK029" time="0.0" classname="TestScripts.HomePage">
    <skipped/>
  </testcase> <!-- test_Footer_WSDK029 -->
  <testcase name="test_Footer_WSDK030" time="0.0" classname="TestScripts.HomePage">
    <skipped/>
  </testcase> <!-- test_Footer_WSDK030 -->
  <testcase name="test_Footer_WSDK031" time="0.0" classname="TestScripts.HomePage">
    <skipped/>
  </testcase> <!-- test_Footer_WSDK031 -->
  <testcase name="test_Footer_WSDK032" time="0.0" classname="TestScripts.HomePage">
    <skipped/>
  </testcase> <!-- test_Footer_WSDK032 -->
  <testcase name="test_Footer_WSDK033" time="0.0" classname="TestScripts.HomePage">
    <skipped/>
  </testcase> <!-- test_Footer_WSDK033 -->
  <testcase name="test_Footer_WSDK034" time="0.0" classname="TestScripts.HomePage">
    <skipped/>
  </testcase> <!-- test_Footer_WSDK034 -->
  <testcase name="test_Footer_WSDK035" time="0.0" classname="TestScripts.HomePage">
    <skipped/>
  </testcase> <!-- test_Footer_WSDK035 -->
  <testcase name="test_Footer_WSDK036" time="0.0" classname="TestScripts.HomePage">
    <skipped/>
  </testcase> <!-- test_Footer_WSDK036 -->
  <testcase name="test_Footer_WSDK037" time="0.0" classname="TestScripts.HomePage">
    <skipped/>
  </testcase> <!-- test_Footer_WSDK037 -->
  <testcase name="test_Footer_WSDK038" time="0.0" classname="TestScripts.HomePage">
    <skipped/>
  </testcase> <!-- test_Footer_WSDK038 -->
  <testcase name="test_Footer_WSDK039" time="0.0" classname="TestScripts.HomePage">
    <skipped/>
  </testcase> <!-- test_Footer_WSDK039 -->
  <testcase name="test_Footer_WSDK040" time="0.0" classname="TestScripts.HomePage">
    <skipped/>
  </testcase> <!-- test_Footer_WSDK040 -->
  <testcase name="test_Footer_WSDK041" time="0.0" classname="TestScripts.HomePage">
    <skipped/>
  </testcase> <!-- test_Footer_WSDK041 -->
  <testcase name="test_Footer_WSDK042" time="0.0" classname="TestScripts.HomePage">
    <skipped/>
  </testcase> <!-- test_Footer_WSDK042 -->
  <testcase name="test_Footer_WSDK043" time="0.0" classname="TestScripts.HomePage">
    <skipped/>
  </testcase> <!-- test_Footer_WSDK043 -->
  <testcase name="test_HeadPhone_Image_WSDK044" time="0.0" classname="TestScripts.HomePage">
    <skipped/>
  </testcase> <!-- test_HeadPhone_Image_WSDK044 -->
  <testcase name="test_GettingBackgroundImageOfHomePage_WSDK045" time="0.0" classname="TestScripts.HomePage">
    <skipped/>
  </testcase> <!-- test_GettingBackgroundImageOfHomePage_WSDK045 -->
  <testcase name="test_GettingCSSOFHeadingAndParagraph_WSDK046" time="0.0" classname="TestScripts.HomePage">
    <skipped/>
  </testcase> <!-- test_GettingCSSOFHeadingAndParagraph_WSDK046 -->
  <testcase name="test_SpellcheckinHomePage_WSDK047" time="0.0" classname="TestScripts.HomePage">
    <skipped/>
  </testcase> <!-- test_SpellcheckinHomePage_WSDK047 -->
</testsuite> <!-- HomePage -->
